{
  "numFailedTestSuites": 10,
  "numFailedTests": 0,
  "numPassedTestSuites": 3,
  "numPassedTests": 3,
  "numPendingTestSuites": 0,
  "numPendingTests": 0,
  "numRuntimeErrorTestSuites": 10,
  "numTodoTests": 0,
  "numTotalTestSuites": 13,
  "numTotalTests": 3,
  "openHandles": [],
  "snapshot": {
    "added": 0,
    "didUpdate": false,
    "failure": false,
    "filesAdded": 0,
    "filesRemoved": 0,
    "filesRemovedList": [],
    "filesUnmatched": 0,
    "filesUpdated": 0,
    "matched": 0,
    "total": 0,
    "unchecked": 0,
    "uncheckedKeysByFile": [],
    "unmatched": 0,
    "updated": 0
  },
  "startTime": 1662199508411,
  "success": false,
  "testResults": [
    {
      "assertionResults": [
        {
          "ancestorTitles": ["Component in Default state"],
          "duration": 34,
          "failureMessages": [],
          "fullName": "Component in Default state renders ",
          "location": null,
          "status": "passed",
          "title": "renders "
        }
      ],
      "endTime": 1662199511215,
      "message": "",
      "name": "/home/mohamed/Documents/ftera-online-customer-web-interface-king-food/src/components/templates/HomeTemplate/spec.tsx",
      "startTime": 1662199509825,
      "status": "passed",
      "summary": ""
    },
    {
      "assertionResults": [
        {
          "ancestorTitles": ["Component in Default state"],
          "duration": 47,
          "failureMessages": [],
          "fullName": "Component in Default state renders ",
          "location": null,
          "status": "passed",
          "title": "renders "
        }
      ],
      "endTime": 1662199511421,
      "message": "",
      "name": "/home/mohamed/Documents/ftera-online-customer-web-interface-king-food/src/components/molecules/CartItem/spec.tsx",
      "startTime": 1662199509972,
      "status": "passed",
      "summary": ""
    },
    {
      "assertionResults": [
        {
          "ancestorTitles": ["Component in Default state"],
          "duration": 35,
          "failureMessages": [],
          "fullName": "Component in Default state renders ",
          "location": null,
          "status": "passed",
          "title": "renders "
        }
      ],
      "endTime": 1662199511465,
      "message": "",
      "name": "/home/mohamed/Documents/ftera-online-customer-web-interface-king-food/src/components/organisms/Cart/spec.tsx",
      "startTime": 1662199509954,
      "status": "passed",
      "summary": ""
    },
    {
      "assertionResults": [],
      "coverage": {},
      "endTime": 1662199514802,
      "message": "  \u001b[1m● \u001b[22mTest suite failed to run\n\n    Cannot find module '@storybook/testing-react' from 'src/components/atoms/shared/Counter/spec.tsx'\n\n    \u001b[0m \u001b[90m  6 |\u001b[39m \u001b[90m//import { increaseNumber, decreaseNumber } from './helpers';\u001b[39m\u001b[0m\n    \u001b[0m \u001b[90m  7 |\u001b[39m\u001b[0m\n    \u001b[0m\u001b[31m\u001b[1m>\u001b[22m\u001b[39m\u001b[90m  8 |\u001b[39m \u001b[36mconst\u001b[39m { \u001b[33mDefault\u001b[39m\u001b[33m,\u001b[39m \u001b[33mCount1\u001b[39m\u001b[33m,\u001b[39m \u001b[33mCount25\u001b[39m } \u001b[33m=\u001b[39m composeStories(stories\u001b[33m,\u001b[39m \u001b[33mMeta\u001b[39m)\u001b[33m;\u001b[39m\u001b[0m\n    \u001b[0m \u001b[90m    |\u001b[39m                       \u001b[31m\u001b[1m^\u001b[22m\u001b[39m\u001b[0m\n    \u001b[0m \u001b[90m  9 |\u001b[39m\u001b[0m\n    \u001b[0m \u001b[90m 10 |\u001b[39m describe(\u001b[32m`Component in Default state`\u001b[39m\u001b[33m,\u001b[39m () \u001b[33m=>\u001b[39m {\u001b[0m\n    \u001b[0m \u001b[90m 11 |\u001b[39m   it(\u001b[32m`renders `\u001b[39m\u001b[33m,\u001b[39m () \u001b[33m=>\u001b[39m {\u001b[0m\n\n      \u001b[2mat Resolver._throwModNotFoundError (\u001b[22mnode_modules/jest-resolve/build/resolver.js\u001b[2m:487:11)\u001b[22m\n      \u001b[2mat Object.<anonymous> (\u001b[22m\u001b[0m\u001b[36msrc/components/atoms/shared/Counter/spec.tsx\u001b[39m\u001b[0m\u001b[2m:8:23)\u001b[22m\n",
      "name": "/home/mohamed/Documents/ftera-online-customer-web-interface-king-food/src/components/atoms/shared/Counter/spec.tsx",
      "startTime": 1662199514802,
      "status": "failed",
      "summary": ""
    },
    {
      "assertionResults": [],
      "coverage": {},
      "endTime": 1662199514802,
      "message": "  \u001b[1m● \u001b[22mTest suite failed to run\n\n    Cannot find module '@storybook/testing-react' from 'src/components/atoms/NavbarAtoms/NavbarCartTotal/spec.tsx'\n\n    \u001b[0m \u001b[90m  6 |\u001b[39m\u001b[0m\n    \u001b[0m \u001b[90m  7 |\u001b[39m \u001b[36mconst\u001b[39m { \u001b[33mDefault\u001b[39m } \u001b[33m=\u001b[39m composeStories(stories\u001b[33m,\u001b[39m \u001b[33mMeta\u001b[39m)\u001b[33m;\u001b[39m\u001b[0m\n    \u001b[0m\u001b[31m\u001b[1m>\u001b[22m\u001b[39m\u001b[90m  8 |\u001b[39m\u001b[0m\n    \u001b[0m \u001b[90m    |\u001b[39m \u001b[31m\u001b[1m^\u001b[22m\u001b[39m\u001b[0m\n    \u001b[0m \u001b[90m  9 |\u001b[39m describe(\u001b[32m`Component in Default state`\u001b[39m\u001b[33m,\u001b[39m () \u001b[33m=>\u001b[39m {\u001b[0m\n    \u001b[0m \u001b[90m 10 |\u001b[39m   it(\u001b[32m`renders `\u001b[39m\u001b[33m,\u001b[39m () \u001b[33m=>\u001b[39m {\u001b[0m\n    \u001b[0m \u001b[90m 11 |\u001b[39m     render(\u001b[33m<\u001b[39m\u001b[33mDefault\u001b[39m \u001b[33m/\u001b[39m\u001b[33m>\u001b[39m)\u001b[33m;\u001b[39m\u001b[0m\n\n      \u001b[2mat Resolver._throwModNotFoundError (\u001b[22mnode_modules/jest-resolve/build/resolver.js\u001b[2m:487:11)\u001b[22m\n      \u001b[2mat Object.<anonymous> (\u001b[22m\u001b[0m\u001b[36msrc/components/atoms/NavbarAtoms/NavbarCartTotal/spec.tsx\u001b[39m\u001b[0m\u001b[2m:8:23)\u001b[22m\n",
      "name": "/home/mohamed/Documents/ftera-online-customer-web-interface-king-food/src/components/atoms/NavbarAtoms/NavbarCartTotal/spec.tsx",
      "startTime": 1662199514802,
      "status": "failed",
      "summary": ""
    },
    {
      "assertionResults": [],
      "coverage": {},
      "endTime": 1662199514802,
      "message": "  \u001b[1m● \u001b[22mTest suite failed to run\n\n    Cannot find module '@storybook/testing-react' from 'src/components/atoms/NavbarAtoms/NavbarContainer/spec.tsx'\n\n    \u001b[0m \u001b[90m  6 |\u001b[39m\u001b[0m\n    \u001b[0m \u001b[90m  7 |\u001b[39m \u001b[36mconst\u001b[39m { \u001b[33mDefault\u001b[39m } \u001b[33m=\u001b[39m composeStories(stories\u001b[33m,\u001b[39m \u001b[33mMeta\u001b[39m)\u001b[33m;\u001b[39m\u001b[0m\n    \u001b[0m\u001b[31m\u001b[1m>\u001b[22m\u001b[39m\u001b[90m  8 |\u001b[39m\u001b[0m\n    \u001b[0m \u001b[90m    |\u001b[39m \u001b[31m\u001b[1m^\u001b[22m\u001b[39m\u001b[0m\n    \u001b[0m \u001b[90m  9 |\u001b[39m describe(\u001b[32m`Component in Default state`\u001b[39m\u001b[33m,\u001b[39m () \u001b[33m=>\u001b[39m {\u001b[0m\n    \u001b[0m \u001b[90m 10 |\u001b[39m   it(\u001b[32m`renders `\u001b[39m\u001b[33m,\u001b[39m () \u001b[33m=>\u001b[39m {\u001b[0m\n    \u001b[0m \u001b[90m 11 |\u001b[39m     render(\u001b[33m<\u001b[39m\u001b[33mDefault\u001b[39m \u001b[33m/\u001b[39m\u001b[33m>\u001b[39m)\u001b[33m;\u001b[39m\u001b[0m\n\n      \u001b[2mat Resolver._throwModNotFoundError (\u001b[22mnode_modules/jest-resolve/build/resolver.js\u001b[2m:487:11)\u001b[22m\n      \u001b[2mat Object.<anonymous> (\u001b[22m\u001b[0m\u001b[36msrc/components/atoms/NavbarAtoms/NavbarContainer/spec.tsx\u001b[39m\u001b[0m\u001b[2m:8:23)\u001b[22m\n",
      "name": "/home/mohamed/Documents/ftera-online-customer-web-interface-king-food/src/components/atoms/NavbarAtoms/NavbarContainer/spec.tsx",
      "startTime": 1662199514802,
      "status": "failed",
      "summary": ""
    },
    {
      "assertionResults": [],
      "coverage": {},
      "endTime": 1662199514802,
      "message": "  \u001b[1m● \u001b[22mTest suite failed to run\n\n    Cannot find module '@storybook/testing-react' from 'src/components/atoms/NavbarAtoms/NavbarButton/spec.tsx'\n\n    \u001b[0m \u001b[90m  6 |\u001b[39m\u001b[0m\n    \u001b[0m \u001b[90m  7 |\u001b[39m \u001b[36mconst\u001b[39m { \u001b[33mDefault\u001b[39m\u001b[33m,\u001b[39m \u001b[33mRedBackground\u001b[39m } \u001b[33m=\u001b[39m composeStories(stories\u001b[33m,\u001b[39m \u001b[33mMeta\u001b[39m)\u001b[33m;\u001b[39m\u001b[0m\n    \u001b[0m\u001b[31m\u001b[1m>\u001b[22m\u001b[39m\u001b[90m  8 |\u001b[39m\u001b[0m\n    \u001b[0m \u001b[90m    |\u001b[39m \u001b[31m\u001b[1m^\u001b[22m\u001b[39m\u001b[0m\n    \u001b[0m \u001b[90m  9 |\u001b[39m describe(\u001b[32m`Component in Default state`\u001b[39m\u001b[33m,\u001b[39m () \u001b[33m=>\u001b[39m {\u001b[0m\n    \u001b[0m \u001b[90m 10 |\u001b[39m   it(\u001b[32m`renders `\u001b[39m\u001b[33m,\u001b[39m () \u001b[33m=>\u001b[39m {\u001b[0m\n    \u001b[0m \u001b[90m 11 |\u001b[39m     render(\u001b[33m<\u001b[39m\u001b[33mDefault\u001b[39m \u001b[33m/\u001b[39m\u001b[33m>\u001b[39m)\u001b[33m;\u001b[39m\u001b[0m\n\n      \u001b[2mat Resolver._throwModNotFoundError (\u001b[22mnode_modules/jest-resolve/build/resolver.js\u001b[2m:487:11)\u001b[22m\n      \u001b[2mat Object.<anonymous> (\u001b[22m\u001b[0m\u001b[36msrc/components/atoms/NavbarAtoms/NavbarButton/spec.tsx\u001b[39m\u001b[0m\u001b[2m:8:23)\u001b[22m\n",
      "name": "/home/mohamed/Documents/ftera-online-customer-web-interface-king-food/src/components/atoms/NavbarAtoms/NavbarButton/spec.tsx",
      "startTime": 1662199514802,
      "status": "failed",
      "summary": ""
    },
    {
      "assertionResults": [],
      "coverage": {},
      "endTime": 1662199514802,
      "message": "  \u001b[1m● \u001b[22mTest suite failed to run\n\n    Cannot find module '@storybook/testing-react' from 'src/components/atoms/MenuAtoms/SubMenu/spec.tsx'\n\n    \u001b[0m \u001b[90m  6 |\u001b[39m\u001b[0m\n    \u001b[0m \u001b[90m  7 |\u001b[39m \u001b[36mconst\u001b[39m { \u001b[33mDefault\u001b[39m } \u001b[33m=\u001b[39m composeStories(stories\u001b[33m,\u001b[39m \u001b[33mMeta\u001b[39m)\u001b[33m;\u001b[39m\u001b[0m\n    \u001b[0m\u001b[31m\u001b[1m>\u001b[22m\u001b[39m\u001b[90m  8 |\u001b[39m\u001b[0m\n    \u001b[0m \u001b[90m    |\u001b[39m \u001b[31m\u001b[1m^\u001b[22m\u001b[39m\u001b[0m\n    \u001b[0m \u001b[90m  9 |\u001b[39m describe(\u001b[32m`Component in Default state`\u001b[39m\u001b[33m,\u001b[39m () \u001b[33m=>\u001b[39m {\u001b[0m\n    \u001b[0m \u001b[90m 10 |\u001b[39m   it(\u001b[32m`renders `\u001b[39m\u001b[33m,\u001b[39m () \u001b[33m=>\u001b[39m {\u001b[0m\n    \u001b[0m \u001b[90m 11 |\u001b[39m     render(\u001b[33m<\u001b[39m\u001b[33mDefault\u001b[39m \u001b[33m/\u001b[39m\u001b[33m>\u001b[39m)\u001b[33m;\u001b[39m\u001b[0m\n\n      \u001b[2mat Resolver._throwModNotFoundError (\u001b[22mnode_modules/jest-resolve/build/resolver.js\u001b[2m:487:11)\u001b[22m\n      \u001b[2mat Object.<anonymous> (\u001b[22m\u001b[0m\u001b[36msrc/components/atoms/MenuAtoms/SubMenu/spec.tsx\u001b[39m\u001b[0m\u001b[2m:8:23)\u001b[22m\n",
      "name": "/home/mohamed/Documents/ftera-online-customer-web-interface-king-food/src/components/atoms/MenuAtoms/SubMenu/spec.tsx",
      "startTime": 1662199514802,
      "status": "failed",
      "summary": ""
    },
    {
      "assertionResults": [],
      "coverage": {},
      "endTime": 1662199514802,
      "message": "  \u001b[1m● \u001b[22mTest suite failed to run\n\n    Cannot find module '@storybook/testing-react' from 'src/components/atoms/MenuAtoms/ProductCard/spec.tsx'\n\n    \u001b[0m \u001b[90m  6 |\u001b[39m \u001b[36mimport\u001b[39m { defaultProps } \u001b[36mfrom\u001b[39m \u001b[32m\"./defaultProps\"\u001b[39m\u001b[33m;\u001b[39m\u001b[0m\n    \u001b[0m \u001b[90m  7 |\u001b[39m\u001b[0m\n    \u001b[0m\u001b[31m\u001b[1m>\u001b[22m\u001b[39m\u001b[90m  8 |\u001b[39m \u001b[36mconst\u001b[39m { \u001b[33mDefault\u001b[39m\u001b[33m,\u001b[39m \u001b[33mPicked\u001b[39m } \u001b[33m=\u001b[39m composeStories(stories\u001b[33m,\u001b[39m \u001b[33mMeta\u001b[39m)\u001b[33m;\u001b[39m\u001b[0m\n    \u001b[0m \u001b[90m    |\u001b[39m                       \u001b[31m\u001b[1m^\u001b[22m\u001b[39m\u001b[0m\n    \u001b[0m \u001b[90m  9 |\u001b[39m\u001b[0m\n    \u001b[0m \u001b[90m 10 |\u001b[39m describe(\u001b[32m`ProductCard in Default state`\u001b[39m\u001b[33m,\u001b[39m () \u001b[33m=>\u001b[39m {\u001b[0m\n    \u001b[0m \u001b[90m 11 |\u001b[39m   it(\u001b[32m` renders `\u001b[39m\u001b[33m,\u001b[39m () \u001b[33m=>\u001b[39m {\u001b[0m\n\n      \u001b[2mat Resolver._throwModNotFoundError (\u001b[22mnode_modules/jest-resolve/build/resolver.js\u001b[2m:487:11)\u001b[22m\n      \u001b[2mat Object.<anonymous> (\u001b[22m\u001b[0m\u001b[36msrc/components/atoms/MenuAtoms/ProductCard/spec.tsx\u001b[39m\u001b[0m\u001b[2m:8:23)\u001b[22m\n",
      "name": "/home/mohamed/Documents/ftera-online-customer-web-interface-king-food/src/components/atoms/MenuAtoms/ProductCard/spec.tsx",
      "startTime": 1662199514802,
      "status": "failed",
      "summary": ""
    },
    {
      "assertionResults": [],
      "coverage": {},
      "endTime": 1662199514802,
      "message": "  \u001b[1m● \u001b[22mTest suite failed to run\n\n    Cannot find module '@storybook/testing-react' from 'src/components/atoms/CartAtoms/CheckoutButton/spec.tsx'\n\n    \u001b[0m \u001b[90m  6 |\u001b[39m\u001b[0m\n    \u001b[0m \u001b[90m  7 |\u001b[39m \u001b[36mconst\u001b[39m { \u001b[33mDefault\u001b[39m\u001b[33m,\u001b[39m \u001b[33mDisabled\u001b[39m } \u001b[33m=\u001b[39m composeStories(stories\u001b[33m,\u001b[39m \u001b[33mMeta\u001b[39m)\u001b[33m;\u001b[39m\u001b[0m\n    \u001b[0m\u001b[31m\u001b[1m>\u001b[22m\u001b[39m\u001b[90m  8 |\u001b[39m\u001b[0m\n    \u001b[0m \u001b[90m    |\u001b[39m \u001b[31m\u001b[1m^\u001b[22m\u001b[39m\u001b[0m\n    \u001b[0m \u001b[90m  9 |\u001b[39m describe(\u001b[32m`Component in Default state`\u001b[39m\u001b[33m,\u001b[39m () \u001b[33m=>\u001b[39m {\u001b[0m\n    \u001b[0m \u001b[90m 10 |\u001b[39m   it(\u001b[32m`renders `\u001b[39m\u001b[33m,\u001b[39m () \u001b[33m=>\u001b[39m {\u001b[0m\n    \u001b[0m \u001b[90m 11 |\u001b[39m     render(\u001b[33m<\u001b[39m\u001b[33mDefault\u001b[39m \u001b[33m/\u001b[39m\u001b[33m>\u001b[39m)\u001b[33m;\u001b[39m\u001b[0m\n\n      \u001b[2mat Resolver._throwModNotFoundError (\u001b[22mnode_modules/jest-resolve/build/resolver.js\u001b[2m:487:11)\u001b[22m\n      \u001b[2mat Object.<anonymous> (\u001b[22m\u001b[0m\u001b[36msrc/components/atoms/CartAtoms/CheckoutButton/spec.tsx\u001b[39m\u001b[0m\u001b[2m:8:23)\u001b[22m\n",
      "name": "/home/mohamed/Documents/ftera-online-customer-web-interface-king-food/src/components/atoms/CartAtoms/CheckoutButton/spec.tsx",
      "startTime": 1662199514802,
      "status": "failed",
      "summary": ""
    },
    {
      "assertionResults": [],
      "coverage": {},
      "endTime": 1662199514802,
      "message": "  \u001b[1m● \u001b[22mTest suite failed to run\n\n    Cannot find module '@storybook/testing-react' from 'src/components/atoms/CartAtoms/CartIcon/spec.tsx'\n\n    \u001b[0m \u001b[90m  6 |\u001b[39m\u001b[0m\n    \u001b[0m \u001b[90m  7 |\u001b[39m \u001b[36mconst\u001b[39m { \u001b[33mDefault\u001b[39m } \u001b[33m=\u001b[39m composeStories(stories\u001b[33m,\u001b[39m \u001b[33mMeta\u001b[39m)\u001b[33m;\u001b[39m\u001b[0m\n    \u001b[0m\u001b[31m\u001b[1m>\u001b[22m\u001b[39m\u001b[90m  8 |\u001b[39m\u001b[0m\n    \u001b[0m \u001b[90m    |\u001b[39m \u001b[31m\u001b[1m^\u001b[22m\u001b[39m\u001b[0m\n    \u001b[0m \u001b[90m  9 |\u001b[39m describe(\u001b[32m`Component in Default state`\u001b[39m\u001b[33m,\u001b[39m () \u001b[33m=>\u001b[39m {\u001b[0m\n    \u001b[0m \u001b[90m 10 |\u001b[39m   it(\u001b[32m`renders `\u001b[39m\u001b[33m,\u001b[39m () \u001b[33m=>\u001b[39m {\u001b[0m\n    \u001b[0m \u001b[90m 11 |\u001b[39m     render(\u001b[33m<\u001b[39m\u001b[33mDefault\u001b[39m \u001b[33m/\u001b[39m\u001b[33m>\u001b[39m)\u001b[33m;\u001b[39m\u001b[0m\n\n      \u001b[2mat Resolver._throwModNotFoundError (\u001b[22mnode_modules/jest-resolve/build/resolver.js\u001b[2m:487:11)\u001b[22m\n      \u001b[2mat Object.<anonymous> (\u001b[22m\u001b[0m\u001b[36msrc/components/atoms/CartAtoms/CartIcon/spec.tsx\u001b[39m\u001b[0m\u001b[2m:8:23)\u001b[22m\n",
      "name": "/home/mohamed/Documents/ftera-online-customer-web-interface-king-food/src/components/atoms/CartAtoms/CartIcon/spec.tsx",
      "startTime": 1662199514802,
      "status": "failed",
      "summary": ""
    },
    {
      "assertionResults": [],
      "coverage": {},
      "endTime": 1662199514802,
      "message": "  \u001b[1m● \u001b[22mTest suite failed to run\n\n    Cannot find module '@storybook/testing-react' from 'src/components/atoms/CartAtoms/CartDrawer/spec.tsx'\n\n    \u001b[0m \u001b[90m  6 |\u001b[39m\u001b[0m\n    \u001b[0m \u001b[90m  7 |\u001b[39m \u001b[36mconst\u001b[39m { \u001b[33mDefault\u001b[39m } \u001b[33m=\u001b[39m composeStories(stories\u001b[33m,\u001b[39m \u001b[33mMeta\u001b[39m)\u001b[33m;\u001b[39m\u001b[0m\n    \u001b[0m\u001b[31m\u001b[1m>\u001b[22m\u001b[39m\u001b[90m  8 |\u001b[39m\u001b[0m\n    \u001b[0m \u001b[90m    |\u001b[39m \u001b[31m\u001b[1m^\u001b[22m\u001b[39m\u001b[0m\n    \u001b[0m \u001b[90m  9 |\u001b[39m describe(\u001b[32m`Component in Default state`\u001b[39m\u001b[33m,\u001b[39m () \u001b[33m=>\u001b[39m {\u001b[0m\n    \u001b[0m \u001b[90m 10 |\u001b[39m   it(\u001b[32m`renders `\u001b[39m\u001b[33m,\u001b[39m () \u001b[33m=>\u001b[39m {\u001b[0m\n    \u001b[0m \u001b[90m 11 |\u001b[39m     render(\u001b[33m<\u001b[39m\u001b[33mDefault\u001b[39m \u001b[33m/\u001b[39m\u001b[33m>\u001b[39m)\u001b[33m;\u001b[39m\u001b[0m\n\n      \u001b[2mat Resolver._throwModNotFoundError (\u001b[22mnode_modules/jest-resolve/build/resolver.js\u001b[2m:487:11)\u001b[22m\n      \u001b[2mat Object.<anonymous> (\u001b[22m\u001b[0m\u001b[36msrc/components/atoms/CartAtoms/CartDrawer/spec.tsx\u001b[39m\u001b[0m\u001b[2m:8:23)\u001b[22m\n",
      "name": "/home/mohamed/Documents/ftera-online-customer-web-interface-king-food/src/components/atoms/CartAtoms/CartDrawer/spec.tsx",
      "startTime": 1662199514802,
      "status": "failed",
      "summary": ""
    },
    {
      "assertionResults": [],
      "coverage": {},
      "endTime": 1662199514802,
      "message": "  \u001b[1m● \u001b[22mTest suite failed to run\n\n    Cannot find module '@storybook/testing-react' from 'src/components/molecules/MenuNavbar/spec.tsx'\n\n    \u001b[0m \u001b[90m  6 |\u001b[39m\u001b[0m\n    \u001b[0m \u001b[90m  7 |\u001b[39m \u001b[36mconst\u001b[39m { \u001b[33mDefault\u001b[39m } \u001b[33m=\u001b[39m composeStories(stories\u001b[33m,\u001b[39m \u001b[33mMeta\u001b[39m)\u001b[33m;\u001b[39m\u001b[0m\n    \u001b[0m\u001b[31m\u001b[1m>\u001b[22m\u001b[39m\u001b[90m  8 |\u001b[39m\u001b[0m\n    \u001b[0m \u001b[90m    |\u001b[39m \u001b[31m\u001b[1m^\u001b[22m\u001b[39m\u001b[0m\n    \u001b[0m \u001b[90m  9 |\u001b[39m describe(\u001b[32m`Component in Default state`\u001b[39m\u001b[33m,\u001b[39m () \u001b[33m=>\u001b[39m {\u001b[0m\n    \u001b[0m \u001b[90m 10 |\u001b[39m   it(\u001b[32m`renders `\u001b[39m\u001b[33m,\u001b[39m () \u001b[33m=>\u001b[39m {\u001b[0m\n    \u001b[0m \u001b[90m 11 |\u001b[39m     render(\u001b[33m<\u001b[39m\u001b[33mDefault\u001b[39m \u001b[33m/\u001b[39m\u001b[33m>\u001b[39m)\u001b[33m;\u001b[39m\u001b[0m\n\n      \u001b[2mat Resolver._throwModNotFoundError (\u001b[22mnode_modules/jest-resolve/build/resolver.js\u001b[2m:487:11)\u001b[22m\n      \u001b[2mat Object.<anonymous> (\u001b[22m\u001b[0m\u001b[36msrc/components/molecules/MenuNavbar/spec.tsx\u001b[39m\u001b[0m\u001b[2m:8:23)\u001b[22m\n",
      "name": "/home/mohamed/Documents/ftera-online-customer-web-interface-king-food/src/components/molecules/MenuNavbar/spec.tsx",
      "startTime": 1662199514802,
      "status": "failed",
      "summary": ""
    }
  ],
  "wasInterrupted": false
}
